Started GET "/" for 127.0.0.1 at 2017-08-01 14:34:07 +0700
Processing by HomeController#index as HTML
  Rendering home/index.html.erb within layouts/application
  Rendered home/index.html.erb within layouts/application (1.2ms)
Completed 200 OK in 342ms (Views: 182.0ms)


Started GET "/" for 127.0.0.1 at 2017-08-01 14:46:38 +0700
Processing by HomeController#index as HTML
  Rendering home/index.html.erb within layouts/application
  Rendered home/index.html.erb within layouts/application (1.0ms)
Completed 200 OK in 4317ms (Views: 4119.3ms)


Started GET "/" for 127.0.0.1 at 2017-08-01 14:49:18 +0700
Processing by HomeController#index as HTML
  Rendering home/index.html.erb within layouts/application
  Rendered home/index.html.erb within layouts/application (0.3ms)
Completed 200 OK in 9ms (Views: 8.8ms)


Started GET "/" for 127.0.0.1 at 2017-08-01 14:50:35 +0700
Processing by HomeController#index as HTML
  Rendering home/index.html.erb within layouts/application
  Rendered home/index.html.erb within layouts/application (0.4ms)
Completed 200 OK in 14ms (Views: 13.3ms)


Started GET "/" for 127.0.0.1 at 2017-08-01 14:50:37 +0700
Processing by HomeController#index as HTML
  Rendering home/index.html.erb within layouts/application
  Rendered home/index.html.erb within layouts/application (0.3ms)
Completed 200 OK in 11ms (Views: 10.1ms)


Started GET "/" for 127.0.0.1 at 2017-08-01 14:50:38 +0700
Processing by HomeController#index as HTML
  Rendering home/index.html.erb within layouts/application
  Rendered home/index.html.erb within layouts/application (0.5ms)
Completed 200 OK in 17ms (Views: 14.8ms)


Started GET "/" for 127.0.0.1 at 2017-08-01 14:50:38 +0700
Processing by HomeController#index as HTML
  Rendering home/index.html.erb within layouts/application
  Rendered home/index.html.erb within layouts/application (0.5ms)
Completed 200 OK in 15ms (Views: 13.9ms)


Started GET "/" for 127.0.0.1 at 2017-08-01 14:53:31 +0700
Processing by HomeController#index as HTML
  Rendering home/index.html.erb within layouts/application
  Rendered home/index.html.erb within layouts/application (0.4ms)
Completed 200 OK in 11ms (Views: 10.7ms)


Started GET "/" for 127.0.0.1 at 2017-08-01 14:53:31 +0700
Processing by HomeController#index as HTML
  Rendering home/index.html.erb within layouts/application
  Rendered home/index.html.erb within layouts/application (0.4ms)
Completed 200 OK in 10ms (Views: 9.5ms)


Started GET "/" for 127.0.0.1 at 2017-08-01 14:53:32 +0700
Processing by HomeController#index as HTML
  Rendering home/index.html.erb within layouts/application
  Rendered home/index.html.erb within layouts/application (0.5ms)
Completed 200 OK in 16ms (Views: 14.2ms)


Started GET "/" for 127.0.0.1 at 2017-08-01 14:53:32 +0700
Processing by HomeController#index as HTML
  Rendering home/index.html.erb within layouts/application
  Rendered home/index.html.erb within layouts/application (0.5ms)
Completed 200 OK in 12ms (Views: 10.9ms)


Started GET "/" for 127.0.0.1 at 2017-08-01 14:56:32 +0700
Processing by HomeController#index as HTML
  Rendering home/index.html.erb within layouts/application
  Rendered home/index.html.erb within layouts/application (0.4ms)
Completed 200 OK in 14ms (Views: 13.5ms)


Started GET "/" for 127.0.0.1 at 2017-08-01 14:56:46 +0700
Processing by HomeController#index as HTML
  Rendering home/index.html.erb within layouts/application
  Rendered home/index.html.erb within layouts/application (0.4ms)
Completed 200 OK in 13ms (Views: 11.9ms)


Started GET "/" for 127.0.0.1 at 2017-08-01 15:03:44 +0700
  
ActiveRecord::NoDatabaseError (FATAL:  role "sunny" does not exist
):
  
activerecord (5.1.2) lib/active_record/connection_adapters/postgresql_adapter.rb:705:in `rescue in connect'
activerecord (5.1.2) lib/active_record/connection_adapters/postgresql_adapter.rb:701:in `connect'
activerecord (5.1.2) lib/active_record/connection_adapters/postgresql_adapter.rb:220:in `initialize'
activerecord (5.1.2) lib/active_record/connection_adapters/postgresql_adapter.rb:38:in `new'
activerecord (5.1.2) lib/active_record/connection_adapters/postgresql_adapter.rb:38:in `postgresql_connection'
activerecord (5.1.2) lib/active_record/connection_adapters/abstract/connection_pool.rb:759:in `new_connection'
activerecord (5.1.2) lib/active_record/connection_adapters/abstract/connection_pool.rb:803:in `checkout_new_connection'
activerecord (5.1.2) lib/active_record/connection_adapters/abstract/connection_pool.rb:782:in `try_to_checkout_new_connection'
activerecord (5.1.2) lib/active_record/connection_adapters/abstract/connection_pool.rb:743:in `acquire_connection'
activerecord (5.1.2) lib/active_record/connection_adapters/abstract/connection_pool.rb:500:in `checkout'
activerecord (5.1.2) lib/active_record/connection_adapters/abstract/connection_pool.rb:374:in `connection'
activerecord (5.1.2) lib/active_record/connection_adapters/abstract/connection_pool.rb:931:in `retrieve_connection'
activerecord (5.1.2) lib/active_record/connection_handling.rb:116:in `retrieve_connection'
activerecord (5.1.2) lib/active_record/connection_handling.rb:88:in `connection'
activerecord (5.1.2) lib/active_record/migration.rb:562:in `connection'
activerecord (5.1.2) lib/active_record/migration.rb:553:in `call'
actionpack (5.1.2) lib/action_dispatch/middleware/callbacks.rb:26:in `block in call'
activesupport (5.1.2) lib/active_support/callbacks.rb:97:in `run_callbacks'
actionpack (5.1.2) lib/action_dispatch/middleware/callbacks.rb:24:in `call'
actionpack (5.1.2) lib/action_dispatch/middleware/executor.rb:12:in `call'
actionpack (5.1.2) lib/action_dispatch/middleware/debug_exceptions.rb:59:in `call'
web-console (3.5.1) lib/web_console/middleware.rb:135:in `call_app'
web-console (3.5.1) lib/web_console/middleware.rb:28:in `block in call'
web-console (3.5.1) lib/web_console/middleware.rb:18:in `catch'
web-console (3.5.1) lib/web_console/middleware.rb:18:in `call'
actionpack (5.1.2) lib/action_dispatch/middleware/show_exceptions.rb:31:in `call'
railties (5.1.2) lib/rails/rack/logger.rb:36:in `call_app'
railties (5.1.2) lib/rails/rack/logger.rb:24:in `block in call'
activesupport (5.1.2) lib/active_support/tagged_logging.rb:69:in `block in tagged'
activesupport (5.1.2) lib/active_support/tagged_logging.rb:26:in `tagged'
activesupport (5.1.2) lib/active_support/tagged_logging.rb:69:in `tagged'
railties (5.1.2) lib/rails/rack/logger.rb:24:in `call'
sprockets-rails (3.2.0) lib/sprockets/rails/quiet_assets.rb:13:in `call'
actionpack (5.1.2) lib/action_dispatch/middleware/remote_ip.rb:79:in `call'
actionpack (5.1.2) lib/action_dispatch/middleware/request_id.rb:25:in `call'
rack (2.0.3) lib/rack/method_override.rb:22:in `call'
rack (2.0.3) lib/rack/runtime.rb:22:in `call'
activesupport (5.1.2) lib/active_support/cache/strategy/local_cache_middleware.rb:27:in `call'
actionpack (5.1.2) lib/action_dispatch/middleware/executor.rb:12:in `call'
actionpack (5.1.2) lib/action_dispatch/middleware/static.rb:125:in `call'
rack (2.0.3) lib/rack/sendfile.rb:111:in `call'
railties (5.1.2) lib/rails/engine.rb:522:in `call'
puma (3.9.1) lib/puma/configuration.rb:224:in `call'
puma (3.9.1) lib/puma/server.rb:602:in `handle_request'
puma (3.9.1) lib/puma/server.rb:435:in `process_client'
puma (3.9.1) lib/puma/server.rb:299:in `block in run'
puma (3.9.1) lib/puma/thread_pool.rb:120:in `block in spawn_thread'
Started GET "/" for 127.0.0.1 at 2017-08-01 15:04:49 +0700
  
PG::ConnectionBad (FATAL:  Peer authentication failed for user "postgres"
):
  
pg (0.21.0) lib/pg.rb:56:in `initialize'
pg (0.21.0) lib/pg.rb:56:in `new'
pg (0.21.0) lib/pg.rb:56:in `connect'
activerecord (5.1.2) lib/active_record/connection_adapters/postgresql_adapter.rb:701:in `connect'
activerecord (5.1.2) lib/active_record/connection_adapters/postgresql_adapter.rb:220:in `initialize'
activerecord (5.1.2) lib/active_record/connection_adapters/postgresql_adapter.rb:38:in `new'
activerecord (5.1.2) lib/active_record/connection_adapters/postgresql_adapter.rb:38:in `postgresql_connection'
activerecord (5.1.2) lib/active_record/connection_adapters/abstract/connection_pool.rb:759:in `new_connection'
activerecord (5.1.2) lib/active_record/connection_adapters/abstract/connection_pool.rb:803:in `checkout_new_connection'
activerecord (5.1.2) lib/active_record/connection_adapters/abstract/connection_pool.rb:782:in `try_to_checkout_new_connection'
activerecord (5.1.2) lib/active_record/connection_adapters/abstract/connection_pool.rb:743:in `acquire_connection'
activerecord (5.1.2) lib/active_record/connection_adapters/abstract/connection_pool.rb:500:in `checkout'
activerecord (5.1.2) lib/active_record/connection_adapters/abstract/connection_pool.rb:374:in `connection'
activerecord (5.1.2) lib/active_record/connection_adapters/abstract/connection_pool.rb:931:in `retrieve_connection'
activerecord (5.1.2) lib/active_record/connection_handling.rb:116:in `retrieve_connection'
activerecord (5.1.2) lib/active_record/connection_handling.rb:88:in `connection'
activerecord (5.1.2) lib/active_record/migration.rb:562:in `connection'
activerecord (5.1.2) lib/active_record/migration.rb:553:in `call'
actionpack (5.1.2) lib/action_dispatch/middleware/callbacks.rb:26:in `block in call'
activesupport (5.1.2) lib/active_support/callbacks.rb:97:in `run_callbacks'
actionpack (5.1.2) lib/action_dispatch/middleware/callbacks.rb:24:in `call'
actionpack (5.1.2) lib/action_dispatch/middleware/executor.rb:12:in `call'
actionpack (5.1.2) lib/action_dispatch/middleware/debug_exceptions.rb:59:in `call'
web-console (3.5.1) lib/web_console/middleware.rb:135:in `call_app'
web-console (3.5.1) lib/web_console/middleware.rb:28:in `block in call'
web-console (3.5.1) lib/web_console/middleware.rb:18:in `catch'
web-console (3.5.1) lib/web_console/middleware.rb:18:in `call'
actionpack (5.1.2) lib/action_dispatch/middleware/show_exceptions.rb:31:in `call'
railties (5.1.2) lib/rails/rack/logger.rb:36:in `call_app'
railties (5.1.2) lib/rails/rack/logger.rb:24:in `block in call'
activesupport (5.1.2) lib/active_support/tagged_logging.rb:69:in `block in tagged'
activesupport (5.1.2) lib/active_support/tagged_logging.rb:26:in `tagged'
activesupport (5.1.2) lib/active_support/tagged_logging.rb:69:in `tagged'
railties (5.1.2) lib/rails/rack/logger.rb:24:in `call'
sprockets-rails (3.2.0) lib/sprockets/rails/quiet_assets.rb:13:in `call'
actionpack (5.1.2) lib/action_dispatch/middleware/remote_ip.rb:79:in `call'
actionpack (5.1.2) lib/action_dispatch/middleware/request_id.rb:25:in `call'
rack (2.0.3) lib/rack/method_override.rb:22:in `call'
rack (2.0.3) lib/rack/runtime.rb:22:in `call'
activesupport (5.1.2) lib/active_support/cache/strategy/local_cache_middleware.rb:27:in `call'
actionpack (5.1.2) lib/action_dispatch/middleware/executor.rb:12:in `call'
actionpack (5.1.2) lib/action_dispatch/middleware/static.rb:125:in `call'
rack (2.0.3) lib/rack/sendfile.rb:111:in `call'
railties (5.1.2) lib/rails/engine.rb:522:in `call'
puma (3.9.1) lib/puma/configuration.rb:224:in `call'
puma (3.9.1) lib/puma/server.rb:602:in `handle_request'
puma (3.9.1) lib/puma/server.rb:435:in `process_client'
puma (3.9.1) lib/puma/server.rb:299:in `block in run'
puma (3.9.1) lib/puma/thread_pool.rb:120:in `block in spawn_thread'
Started GET "/" for 127.0.0.1 at 2017-08-01 15:05:06 +0700
  
PG::ConnectionBad (FATAL:  Peer authentication failed for user "postgres"
):
  
pg (0.21.0) lib/pg.rb:56:in `initialize'
pg (0.21.0) lib/pg.rb:56:in `new'
pg (0.21.0) lib/pg.rb:56:in `connect'
activerecord (5.1.2) lib/active_record/connection_adapters/postgresql_adapter.rb:701:in `connect'
activerecord (5.1.2) lib/active_record/connection_adapters/postgresql_adapter.rb:220:in `initialize'
activerecord (5.1.2) lib/active_record/connection_adapters/postgresql_adapter.rb:38:in `new'
activerecord (5.1.2) lib/active_record/connection_adapters/postgresql_adapter.rb:38:in `postgresql_connection'
activerecord (5.1.2) lib/active_record/connection_adapters/abstract/connection_pool.rb:759:in `new_connection'
activerecord (5.1.2) lib/active_record/connection_adapters/abstract/connection_pool.rb:803:in `checkout_new_connection'
activerecord (5.1.2) lib/active_record/connection_adapters/abstract/connection_pool.rb:782:in `try_to_checkout_new_connection'
activerecord (5.1.2) lib/active_record/connection_adapters/abstract/connection_pool.rb:743:in `acquire_connection'
activerecord (5.1.2) lib/active_record/connection_adapters/abstract/connection_pool.rb:500:in `checkout'
activerecord (5.1.2) lib/active_record/connection_adapters/abstract/connection_pool.rb:374:in `connection'
activerecord (5.1.2) lib/active_record/connection_adapters/abstract/connection_pool.rb:931:in `retrieve_connection'
activerecord (5.1.2) lib/active_record/connection_handling.rb:116:in `retrieve_connection'
activerecord (5.1.2) lib/active_record/connection_handling.rb:88:in `connection'
activerecord (5.1.2) lib/active_record/migration.rb:562:in `connection'
activerecord (5.1.2) lib/active_record/migration.rb:553:in `call'
actionpack (5.1.2) lib/action_dispatch/middleware/callbacks.rb:26:in `block in call'
activesupport (5.1.2) lib/active_support/callbacks.rb:97:in `run_callbacks'
actionpack (5.1.2) lib/action_dispatch/middleware/callbacks.rb:24:in `call'
actionpack (5.1.2) lib/action_dispatch/middleware/executor.rb:12:in `call'
actionpack (5.1.2) lib/action_dispatch/middleware/debug_exceptions.rb:59:in `call'
web-console (3.5.1) lib/web_console/middleware.rb:135:in `call_app'
web-console (3.5.1) lib/web_console/middleware.rb:28:in `block in call'
web-console (3.5.1) lib/web_console/middleware.rb:18:in `catch'
web-console (3.5.1) lib/web_console/middleware.rb:18:in `call'
actionpack (5.1.2) lib/action_dispatch/middleware/show_exceptions.rb:31:in `call'
railties (5.1.2) lib/rails/rack/logger.rb:36:in `call_app'
railties (5.1.2) lib/rails/rack/logger.rb:24:in `block in call'
activesupport (5.1.2) lib/active_support/tagged_logging.rb:69:in `block in tagged'
activesupport (5.1.2) lib/active_support/tagged_logging.rb:26:in `tagged'
activesupport (5.1.2) lib/active_support/tagged_logging.rb:69:in `tagged'
railties (5.1.2) lib/rails/rack/logger.rb:24:in `call'
sprockets-rails (3.2.0) lib/sprockets/rails/quiet_assets.rb:13:in `call'
actionpack (5.1.2) lib/action_dispatch/middleware/remote_ip.rb:79:in `call'
actionpack (5.1.2) lib/action_dispatch/middleware/request_id.rb:25:in `call'
rack (2.0.3) lib/rack/method_override.rb:22:in `call'
rack (2.0.3) lib/rack/runtime.rb:22:in `call'
activesupport (5.1.2) lib/active_support/cache/strategy/local_cache_middleware.rb:27:in `call'
actionpack (5.1.2) lib/action_dispatch/middleware/executor.rb:12:in `call'
actionpack (5.1.2) lib/action_dispatch/middleware/static.rb:125:in `call'
rack (2.0.3) lib/rack/sendfile.rb:111:in `call'
railties (5.1.2) lib/rails/engine.rb:522:in `call'
puma (3.9.1) lib/puma/configuration.rb:224:in `call'
puma (3.9.1) lib/puma/server.rb:602:in `handle_request'
puma (3.9.1) lib/puma/server.rb:435:in `process_client'
puma (3.9.1) lib/puma/server.rb:299:in `block in run'
puma (3.9.1) lib/puma/thread_pool.rb:120:in `block in spawn_thread'
Started GET "/" for 127.0.0.1 at 2017-08-01 15:05:42 +0700
  
PG::ConnectionBad (FATAL:  Peer authentication failed for user "postgre"
):
  
pg (0.21.0) lib/pg.rb:56:in `initialize'
pg (0.21.0) lib/pg.rb:56:in `new'
pg (0.21.0) lib/pg.rb:56:in `connect'
activerecord (5.1.2) lib/active_record/connection_adapters/postgresql_adapter.rb:701:in `connect'
activerecord (5.1.2) lib/active_record/connection_adapters/postgresql_adapter.rb:220:in `initialize'
activerecord (5.1.2) lib/active_record/connection_adapters/postgresql_adapter.rb:38:in `new'
activerecord (5.1.2) lib/active_record/connection_adapters/postgresql_adapter.rb:38:in `postgresql_connection'
activerecord (5.1.2) lib/active_record/connection_adapters/abstract/connection_pool.rb:759:in `new_connection'
activerecord (5.1.2) lib/active_record/connection_adapters/abstract/connection_pool.rb:803:in `checkout_new_connection'
activerecord (5.1.2) lib/active_record/connection_adapters/abstract/connection_pool.rb:782:in `try_to_checkout_new_connection'
activerecord (5.1.2) lib/active_record/connection_adapters/abstract/connection_pool.rb:743:in `acquire_connection'
activerecord (5.1.2) lib/active_record/connection_adapters/abstract/connection_pool.rb:500:in `checkout'
activerecord (5.1.2) lib/active_record/connection_adapters/abstract/connection_pool.rb:374:in `connection'
activerecord (5.1.2) lib/active_record/connection_adapters/abstract/connection_pool.rb:931:in `retrieve_connection'
activerecord (5.1.2) lib/active_record/connection_handling.rb:116:in `retrieve_connection'
activerecord (5.1.2) lib/active_record/connection_handling.rb:88:in `connection'
activerecord (5.1.2) lib/active_record/migration.rb:562:in `connection'
activerecord (5.1.2) lib/active_record/migration.rb:553:in `call'
actionpack (5.1.2) lib/action_dispatch/middleware/callbacks.rb:26:in `block in call'
activesupport (5.1.2) lib/active_support/callbacks.rb:97:in `run_callbacks'
actionpack (5.1.2) lib/action_dispatch/middleware/callbacks.rb:24:in `call'
actionpack (5.1.2) lib/action_dispatch/middleware/executor.rb:12:in `call'
actionpack (5.1.2) lib/action_dispatch/middleware/debug_exceptions.rb:59:in `call'
web-console (3.5.1) lib/web_console/middleware.rb:135:in `call_app'
web-console (3.5.1) lib/web_console/middleware.rb:28:in `block in call'
web-console (3.5.1) lib/web_console/middleware.rb:18:in `catch'
web-console (3.5.1) lib/web_console/middleware.rb:18:in `call'
actionpack (5.1.2) lib/action_dispatch/middleware/show_exceptions.rb:31:in `call'
railties (5.1.2) lib/rails/rack/logger.rb:36:in `call_app'
railties (5.1.2) lib/rails/rack/logger.rb:24:in `block in call'
activesupport (5.1.2) lib/active_support/tagged_logging.rb:69:in `block in tagged'
activesupport (5.1.2) lib/active_support/tagged_logging.rb:26:in `tagged'
activesupport (5.1.2) lib/active_support/tagged_logging.rb:69:in `tagged'
railties (5.1.2) lib/rails/rack/logger.rb:24:in `call'
sprockets-rails (3.2.0) lib/sprockets/rails/quiet_assets.rb:13:in `call'
actionpack (5.1.2) lib/action_dispatch/middleware/remote_ip.rb:79:in `call'
actionpack (5.1.2) lib/action_dispatch/middleware/request_id.rb:25:in `call'
rack (2.0.3) lib/rack/method_override.rb:22:in `call'
rack (2.0.3) lib/rack/runtime.rb:22:in `call'
activesupport (5.1.2) lib/active_support/cache/strategy/local_cache_middleware.rb:27:in `call'
actionpack (5.1.2) lib/action_dispatch/middleware/executor.rb:12:in `call'
actionpack (5.1.2) lib/action_dispatch/middleware/static.rb:125:in `call'
rack (2.0.3) lib/rack/sendfile.rb:111:in `call'
railties (5.1.2) lib/rails/engine.rb:522:in `call'
puma (3.9.1) lib/puma/configuration.rb:224:in `call'
puma (3.9.1) lib/puma/server.rb:602:in `handle_request'
puma (3.9.1) lib/puma/server.rb:435:in `process_client'
puma (3.9.1) lib/puma/server.rb:299:in `block in run'
puma (3.9.1) lib/puma/thread_pool.rb:120:in `block in spawn_thread'
Started GET "/" for 127.0.0.1 at 2017-08-01 15:06:03 +0700
  
PG::ConnectionBad (FATAL:  Peer authentication failed for user "postgre"
):
  
pg (0.21.0) lib/pg.rb:56:in `initialize'
pg (0.21.0) lib/pg.rb:56:in `new'
pg (0.21.0) lib/pg.rb:56:in `connect'
activerecord (5.1.2) lib/active_record/connection_adapters/postgresql_adapter.rb:701:in `connect'
activerecord (5.1.2) lib/active_record/connection_adapters/postgresql_adapter.rb:220:in `initialize'
activerecord (5.1.2) lib/active_record/connection_adapters/postgresql_adapter.rb:38:in `new'
activerecord (5.1.2) lib/active_record/connection_adapters/postgresql_adapter.rb:38:in `postgresql_connection'
activerecord (5.1.2) lib/active_record/connection_adapters/abstract/connection_pool.rb:759:in `new_connection'
activerecord (5.1.2) lib/active_record/connection_adapters/abstract/connection_pool.rb:803:in `checkout_new_connection'
activerecord (5.1.2) lib/active_record/connection_adapters/abstract/connection_pool.rb:782:in `try_to_checkout_new_connection'
activerecord (5.1.2) lib/active_record/connection_adapters/abstract/connection_pool.rb:743:in `acquire_connection'
activerecord (5.1.2) lib/active_record/connection_adapters/abstract/connection_pool.rb:500:in `checkout'
activerecord (5.1.2) lib/active_record/connection_adapters/abstract/connection_pool.rb:374:in `connection'
activerecord (5.1.2) lib/active_record/connection_adapters/abstract/connection_pool.rb:931:in `retrieve_connection'
activerecord (5.1.2) lib/active_record/connection_handling.rb:116:in `retrieve_connection'
activerecord (5.1.2) lib/active_record/connection_handling.rb:88:in `connection'
activerecord (5.1.2) lib/active_record/migration.rb:562:in `connection'
activerecord (5.1.2) lib/active_record/migration.rb:553:in `call'
actionpack (5.1.2) lib/action_dispatch/middleware/callbacks.rb:26:in `block in call'
activesupport (5.1.2) lib/active_support/callbacks.rb:97:in `run_callbacks'
actionpack (5.1.2) lib/action_dispatch/middleware/callbacks.rb:24:in `call'
actionpack (5.1.2) lib/action_dispatch/middleware/executor.rb:12:in `call'
actionpack (5.1.2) lib/action_dispatch/middleware/debug_exceptions.rb:59:in `call'
web-console (3.5.1) lib/web_console/middleware.rb:135:in `call_app'
web-console (3.5.1) lib/web_console/middleware.rb:28:in `block in call'
web-console (3.5.1) lib/web_console/middleware.rb:18:in `catch'
web-console (3.5.1) lib/web_console/middleware.rb:18:in `call'
actionpack (5.1.2) lib/action_dispatch/middleware/show_exceptions.rb:31:in `call'
railties (5.1.2) lib/rails/rack/logger.rb:36:in `call_app'
railties (5.1.2) lib/rails/rack/logger.rb:24:in `block in call'
activesupport (5.1.2) lib/active_support/tagged_logging.rb:69:in `block in tagged'
activesupport (5.1.2) lib/active_support/tagged_logging.rb:26:in `tagged'
activesupport (5.1.2) lib/active_support/tagged_logging.rb:69:in `tagged'
railties (5.1.2) lib/rails/rack/logger.rb:24:in `call'
sprockets-rails (3.2.0) lib/sprockets/rails/quiet_assets.rb:13:in `call'
actionpack (5.1.2) lib/action_dispatch/middleware/remote_ip.rb:79:in `call'
actionpack (5.1.2) lib/action_dispatch/middleware/request_id.rb:25:in `call'
rack (2.0.3) lib/rack/method_override.rb:22:in `call'
rack (2.0.3) lib/rack/runtime.rb:22:in `call'
activesupport (5.1.2) lib/active_support/cache/strategy/local_cache_middleware.rb:27:in `call'
actionpack (5.1.2) lib/action_dispatch/middleware/executor.rb:12:in `call'
actionpack (5.1.2) lib/action_dispatch/middleware/static.rb:125:in `call'
rack (2.0.3) lib/rack/sendfile.rb:111:in `call'
railties (5.1.2) lib/rails/engine.rb:522:in `call'
puma (3.9.1) lib/puma/configuration.rb:224:in `call'
puma (3.9.1) lib/puma/server.rb:602:in `handle_request'
puma (3.9.1) lib/puma/server.rb:435:in `process_client'
puma (3.9.1) lib/puma/server.rb:299:in `block in run'
puma (3.9.1) lib/puma/thread_pool.rb:120:in `block in spawn_thread'
Started GET "/" for 127.0.0.1 at 2017-08-01 15:06:04 +0700
  
PG::ConnectionBad (FATAL:  Peer authentication failed for user "postgre"
):
  
pg (0.21.0) lib/pg.rb:56:in `initialize'
pg (0.21.0) lib/pg.rb:56:in `new'
pg (0.21.0) lib/pg.rb:56:in `connect'
activerecord (5.1.2) lib/active_record/connection_adapters/postgresql_adapter.rb:701:in `connect'
activerecord (5.1.2) lib/active_record/connection_adapters/postgresql_adapter.rb:220:in `initialize'
activerecord (5.1.2) lib/active_record/connection_adapters/postgresql_adapter.rb:38:in `new'
activerecord (5.1.2) lib/active_record/connection_adapters/postgresql_adapter.rb:38:in `postgresql_connection'
activerecord (5.1.2) lib/active_record/connection_adapters/abstract/connection_pool.rb:759:in `new_connection'
activerecord (5.1.2) lib/active_record/connection_adapters/abstract/connection_pool.rb:803:in `checkout_new_connection'
activerecord (5.1.2) lib/active_record/connection_adapters/abstract/connection_pool.rb:782:in `try_to_checkout_new_connection'
activerecord (5.1.2) lib/active_record/connection_adapters/abstract/connection_pool.rb:743:in `acquire_connection'
activerecord (5.1.2) lib/active_record/connection_adapters/abstract/connection_pool.rb:500:in `checkout'
activerecord (5.1.2) lib/active_record/connection_adapters/abstract/connection_pool.rb:374:in `connection'
activerecord (5.1.2) lib/active_record/connection_adapters/abstract/connection_pool.rb:931:in `retrieve_connection'
activerecord (5.1.2) lib/active_record/connection_handling.rb:116:in `retrieve_connection'
activerecord (5.1.2) lib/active_record/connection_handling.rb:88:in `connection'
activerecord (5.1.2) lib/active_record/migration.rb:562:in `connection'
activerecord (5.1.2) lib/active_record/migration.rb:553:in `call'
actionpack (5.1.2) lib/action_dispatch/middleware/callbacks.rb:26:in `block in call'
activesupport (5.1.2) lib/active_support/callbacks.rb:97:in `run_callbacks'
actionpack (5.1.2) lib/action_dispatch/middleware/callbacks.rb:24:in `call'
actionpack (5.1.2) lib/action_dispatch/middleware/executor.rb:12:in `call'
actionpack (5.1.2) lib/action_dispatch/middleware/debug_exceptions.rb:59:in `call'
web-console (3.5.1) lib/web_console/middleware.rb:135:in `call_app'
web-console (3.5.1) lib/web_console/middleware.rb:28:in `block in call'
web-console (3.5.1) lib/web_console/middleware.rb:18:in `catch'
web-console (3.5.1) lib/web_console/middleware.rb:18:in `call'
actionpack (5.1.2) lib/action_dispatch/middleware/show_exceptions.rb:31:in `call'
railties (5.1.2) lib/rails/rack/logger.rb:36:in `call_app'
railties (5.1.2) lib/rails/rack/logger.rb:24:in `block in call'
activesupport (5.1.2) lib/active_support/tagged_logging.rb:69:in `block in tagged'
activesupport (5.1.2) lib/active_support/tagged_logging.rb:26:in `tagged'
activesupport (5.1.2) lib/active_support/tagged_logging.rb:69:in `tagged'
railties (5.1.2) lib/rails/rack/logger.rb:24:in `call'
sprockets-rails (3.2.0) lib/sprockets/rails/quiet_assets.rb:13:in `call'
actionpack (5.1.2) lib/action_dispatch/middleware/remote_ip.rb:79:in `call'
actionpack (5.1.2) lib/action_dispatch/middleware/request_id.rb:25:in `call'
rack (2.0.3) lib/rack/method_override.rb:22:in `call'
rack (2.0.3) lib/rack/runtime.rb:22:in `call'
activesupport (5.1.2) lib/active_support/cache/strategy/local_cache_middleware.rb:27:in `call'
actionpack (5.1.2) lib/action_dispatch/middleware/executor.rb:12:in `call'
actionpack (5.1.2) lib/action_dispatch/middleware/static.rb:125:in `call'
rack (2.0.3) lib/rack/sendfile.rb:111:in `call'
railties (5.1.2) lib/rails/engine.rb:522:in `call'
puma (3.9.1) lib/puma/configuration.rb:224:in `call'
puma (3.9.1) lib/puma/server.rb:602:in `handle_request'
puma (3.9.1) lib/puma/server.rb:435:in `process_client'
puma (3.9.1) lib/puma/server.rb:299:in `block in run'
puma (3.9.1) lib/puma/thread_pool.rb:120:in `block in spawn_thread'
Started GET "/" for 127.0.0.1 at 2017-08-01 15:06:35 +0700
  
ActiveRecord::NoDatabaseError (FATAL:  role "sunny" does not exist
):
  
activerecord (5.1.2) lib/active_record/connection_adapters/postgresql_adapter.rb:705:in `rescue in connect'
activerecord (5.1.2) lib/active_record/connection_adapters/postgresql_adapter.rb:701:in `connect'
activerecord (5.1.2) lib/active_record/connection_adapters/postgresql_adapter.rb:220:in `initialize'
activerecord (5.1.2) lib/active_record/connection_adapters/postgresql_adapter.rb:38:in `new'
activerecord (5.1.2) lib/active_record/connection_adapters/postgresql_adapter.rb:38:in `postgresql_connection'
activerecord (5.1.2) lib/active_record/connection_adapters/abstract/connection_pool.rb:759:in `new_connection'
activerecord (5.1.2) lib/active_record/connection_adapters/abstract/connection_pool.rb:803:in `checkout_new_connection'
activerecord (5.1.2) lib/active_record/connection_adapters/abstract/connection_pool.rb:782:in `try_to_checkout_new_connection'
activerecord (5.1.2) lib/active_record/connection_adapters/abstract/connection_pool.rb:743:in `acquire_connection'
activerecord (5.1.2) lib/active_record/connection_adapters/abstract/connection_pool.rb:500:in `checkout'
activerecord (5.1.2) lib/active_record/connection_adapters/abstract/connection_pool.rb:374:in `connection'
activerecord (5.1.2) lib/active_record/connection_adapters/abstract/connection_pool.rb:931:in `retrieve_connection'
activerecord (5.1.2) lib/active_record/connection_handling.rb:116:in `retrieve_connection'
activerecord (5.1.2) lib/active_record/connection_handling.rb:88:in `connection'
activerecord (5.1.2) lib/active_record/migration.rb:562:in `connection'
activerecord (5.1.2) lib/active_record/migration.rb:553:in `call'
actionpack (5.1.2) lib/action_dispatch/middleware/callbacks.rb:26:in `block in call'
activesupport (5.1.2) lib/active_support/callbacks.rb:97:in `run_callbacks'
actionpack (5.1.2) lib/action_dispatch/middleware/callbacks.rb:24:in `call'
actionpack (5.1.2) lib/action_dispatch/middleware/executor.rb:12:in `call'
actionpack (5.1.2) lib/action_dispatch/middleware/debug_exceptions.rb:59:in `call'
web-console (3.5.1) lib/web_console/middleware.rb:135:in `call_app'
web-console (3.5.1) lib/web_console/middleware.rb:28:in `block in call'
web-console (3.5.1) lib/web_console/middleware.rb:18:in `catch'
web-console (3.5.1) lib/web_console/middleware.rb:18:in `call'
actionpack (5.1.2) lib/action_dispatch/middleware/show_exceptions.rb:31:in `call'
railties (5.1.2) lib/rails/rack/logger.rb:36:in `call_app'
railties (5.1.2) lib/rails/rack/logger.rb:24:in `block in call'
activesupport (5.1.2) lib/active_support/tagged_logging.rb:69:in `block in tagged'
activesupport (5.1.2) lib/active_support/tagged_logging.rb:26:in `tagged'
activesupport (5.1.2) lib/active_support/tagged_logging.rb:69:in `tagged'
railties (5.1.2) lib/rails/rack/logger.rb:24:in `call'
sprockets-rails (3.2.0) lib/sprockets/rails/quiet_assets.rb:13:in `call'
actionpack (5.1.2) lib/action_dispatch/middleware/remote_ip.rb:79:in `call'
actionpack (5.1.2) lib/action_dispatch/middleware/request_id.rb:25:in `call'
rack (2.0.3) lib/rack/method_override.rb:22:in `call'
rack (2.0.3) lib/rack/runtime.rb:22:in `call'
activesupport (5.1.2) lib/active_support/cache/strategy/local_cache_middleware.rb:27:in `call'
actionpack (5.1.2) lib/action_dispatch/middleware/executor.rb:12:in `call'
actionpack (5.1.2) lib/action_dispatch/middleware/static.rb:125:in `call'
rack (2.0.3) lib/rack/sendfile.rb:111:in `call'
railties (5.1.2) lib/rails/engine.rb:522:in `call'
puma (3.9.1) lib/puma/configuration.rb:224:in `call'
puma (3.9.1) lib/puma/server.rb:602:in `handle_request'
puma (3.9.1) lib/puma/server.rb:435:in `process_client'
puma (3.9.1) lib/puma/server.rb:299:in `block in run'
puma (3.9.1) lib/puma/thread_pool.rb:120:in `block in spawn_thread'
Started GET "/" for 127.0.0.1 at 2017-08-01 15:13:47 +0700
  
ActiveRecord::NoDatabaseError (FATAL:  database "instacamp_development" does not exist
):
  
activerecord (5.1.2) lib/active_record/connection_adapters/postgresql_adapter.rb:705:in `rescue in connect'
activerecord (5.1.2) lib/active_record/connection_adapters/postgresql_adapter.rb:701:in `connect'
activerecord (5.1.2) lib/active_record/connection_adapters/postgresql_adapter.rb:220:in `initialize'
activerecord (5.1.2) lib/active_record/connection_adapters/postgresql_adapter.rb:38:in `new'
activerecord (5.1.2) lib/active_record/connection_adapters/postgresql_adapter.rb:38:in `postgresql_connection'
activerecord (5.1.2) lib/active_record/connection_adapters/abstract/connection_pool.rb:759:in `new_connection'
activerecord (5.1.2) lib/active_record/connection_adapters/abstract/connection_pool.rb:803:in `checkout_new_connection'
activerecord (5.1.2) lib/active_record/connection_adapters/abstract/connection_pool.rb:782:in `try_to_checkout_new_connection'
activerecord (5.1.2) lib/active_record/connection_adapters/abstract/connection_pool.rb:743:in `acquire_connection'
activerecord (5.1.2) lib/active_record/connection_adapters/abstract/connection_pool.rb:500:in `checkout'
activerecord (5.1.2) lib/active_record/connection_adapters/abstract/connection_pool.rb:374:in `connection'
activerecord (5.1.2) lib/active_record/connection_adapters/abstract/connection_pool.rb:931:in `retrieve_connection'
activerecord (5.1.2) lib/active_record/connection_handling.rb:116:in `retrieve_connection'
activerecord (5.1.2) lib/active_record/connection_handling.rb:88:in `connection'
activerecord (5.1.2) lib/active_record/migration.rb:562:in `connection'
activerecord (5.1.2) lib/active_record/migration.rb:553:in `call'
actionpack (5.1.2) lib/action_dispatch/middleware/callbacks.rb:26:in `block in call'
activesupport (5.1.2) lib/active_support/callbacks.rb:97:in `run_callbacks'
actionpack (5.1.2) lib/action_dispatch/middleware/callbacks.rb:24:in `call'
actionpack (5.1.2) lib/action_dispatch/middleware/executor.rb:12:in `call'
actionpack (5.1.2) lib/action_dispatch/middleware/debug_exceptions.rb:59:in `call'
web-console (3.5.1) lib/web_console/middleware.rb:135:in `call_app'
web-console (3.5.1) lib/web_console/middleware.rb:28:in `block in call'
web-console (3.5.1) lib/web_console/middleware.rb:18:in `catch'
web-console (3.5.1) lib/web_console/middleware.rb:18:in `call'
actionpack (5.1.2) lib/action_dispatch/middleware/show_exceptions.rb:31:in `call'
railties (5.1.2) lib/rails/rack/logger.rb:36:in `call_app'
railties (5.1.2) lib/rails/rack/logger.rb:24:in `block in call'
activesupport (5.1.2) lib/active_support/tagged_logging.rb:69:in `block in tagged'
activesupport (5.1.2) lib/active_support/tagged_logging.rb:26:in `tagged'
activesupport (5.1.2) lib/active_support/tagged_logging.rb:69:in `tagged'
railties (5.1.2) lib/rails/rack/logger.rb:24:in `call'
sprockets-rails (3.2.0) lib/sprockets/rails/quiet_assets.rb:13:in `call'
actionpack (5.1.2) lib/action_dispatch/middleware/remote_ip.rb:79:in `call'
actionpack (5.1.2) lib/action_dispatch/middleware/request_id.rb:25:in `call'
rack (2.0.3) lib/rack/method_override.rb:22:in `call'
rack (2.0.3) lib/rack/runtime.rb:22:in `call'
activesupport (5.1.2) lib/active_support/cache/strategy/local_cache_middleware.rb:27:in `call'
actionpack (5.1.2) lib/action_dispatch/middleware/executor.rb:12:in `call'
actionpack (5.1.2) lib/action_dispatch/middleware/static.rb:125:in `call'
rack (2.0.3) lib/rack/sendfile.rb:111:in `call'
railties (5.1.2) lib/rails/engine.rb:522:in `call'
puma (3.9.1) lib/puma/configuration.rb:224:in `call'
puma (3.9.1) lib/puma/server.rb:602:in `handle_request'
puma (3.9.1) lib/puma/server.rb:435:in `process_client'
puma (3.9.1) lib/puma/server.rb:299:in `block in run'
puma (3.9.1) lib/puma/thread_pool.rb:120:in `block in spawn_thread'
Started GET "/" for 127.0.0.1 at 2017-08-01 15:24:51 +0700
  
ActiveRecord::PendingMigrationError (

Migrations are pending. To resolve this issue, run:

        bin/rails db:migrate RAILS_ENV=development

):
  
activerecord (5.1.2) lib/active_record/migration.rb:576:in `check_pending!'
activerecord (5.1.2) lib/active_record/migration.rb:553:in `call'
actionpack (5.1.2) lib/action_dispatch/middleware/callbacks.rb:26:in `block in call'
activesupport (5.1.2) lib/active_support/callbacks.rb:97:in `run_callbacks'
actionpack (5.1.2) lib/action_dispatch/middleware/callbacks.rb:24:in `call'
actionpack (5.1.2) lib/action_dispatch/middleware/executor.rb:12:in `call'
actionpack (5.1.2) lib/action_dispatch/middleware/debug_exceptions.rb:59:in `call'
web-console (3.5.1) lib/web_console/middleware.rb:135:in `call_app'
web-console (3.5.1) lib/web_console/middleware.rb:28:in `block in call'
web-console (3.5.1) lib/web_console/middleware.rb:18:in `catch'
web-console (3.5.1) lib/web_console/middleware.rb:18:in `call'
actionpack (5.1.2) lib/action_dispatch/middleware/show_exceptions.rb:31:in `call'
railties (5.1.2) lib/rails/rack/logger.rb:36:in `call_app'
railties (5.1.2) lib/rails/rack/logger.rb:24:in `block in call'
activesupport (5.1.2) lib/active_support/tagged_logging.rb:69:in `block in tagged'
activesupport (5.1.2) lib/active_support/tagged_logging.rb:26:in `tagged'
activesupport (5.1.2) lib/active_support/tagged_logging.rb:69:in `tagged'
railties (5.1.2) lib/rails/rack/logger.rb:24:in `call'
sprockets-rails (3.2.0) lib/sprockets/rails/quiet_assets.rb:13:in `call'
actionpack (5.1.2) lib/action_dispatch/middleware/remote_ip.rb:79:in `call'
actionpack (5.1.2) lib/action_dispatch/middleware/request_id.rb:25:in `call'
rack (2.0.3) lib/rack/method_override.rb:22:in `call'
rack (2.0.3) lib/rack/runtime.rb:22:in `call'
activesupport (5.1.2) lib/active_support/cache/strategy/local_cache_middleware.rb:27:in `call'
actionpack (5.1.2) lib/action_dispatch/middleware/executor.rb:12:in `call'
actionpack (5.1.2) lib/action_dispatch/middleware/static.rb:125:in `call'
rack (2.0.3) lib/rack/sendfile.rb:111:in `call'
railties (5.1.2) lib/rails/engine.rb:522:in `call'
puma (3.9.1) lib/puma/configuration.rb:224:in `call'
puma (3.9.1) lib/puma/server.rb:602:in `handle_request'
puma (3.9.1) lib/puma/server.rb:435:in `process_client'
puma (3.9.1) lib/puma/server.rb:299:in `block in run'
puma (3.9.1) lib/puma/thread_pool.rb:120:in `block in spawn_thread'
  [1m[35m (82.3ms)[0m  [1m[35mCREATE TABLE "schema_migrations" ("version" character varying NOT NULL PRIMARY KEY)[0m
  [1m[35m (116.0ms)[0m  [1m[35mCREATE TABLE "ar_internal_metadata" ("key" character varying NOT NULL PRIMARY KEY, "value" character varying, "created_at" timestamp NOT NULL, "updated_at" timestamp NOT NULL)[0m
  [1m[35m (0.3ms)[0m  [1m[34mSELECT pg_try_advisory_lock(7054337133915843555);[0m
  [1m[35m (0.3ms)[0m  [1m[34mSELECT "schema_migrations"."version" FROM "schema_migrations" ORDER BY "schema_migrations"."version" ASC[0m
Migrating to CreatePhotos (20170801080005)
  [1m[35m (0.1ms)[0m  [1m[35mBEGIN[0m
  [1m[35m (102.6ms)[0m  [1m[35mCREATE TABLE "photos" ("id" bigserial primary key, "username" character varying, "caption" text, "like_count" integer, "url" character varying, "created_at" timestamp NOT NULL, "updated_at" timestamp NOT NULL)[0m
  [1m[35mSQL (0.4ms)[0m  [1m[32mINSERT INTO "schema_migrations" ("version") VALUES ($1) RETURNING "version"[0m  [["version", "20170801080005"]]
  [1m[35m (14.9ms)[0m  [1m[35mCOMMIT[0m
  [1m[36mActiveRecord::InternalMetadata Load (0.3ms)[0m  [1m[34mSELECT  "ar_internal_metadata".* FROM "ar_internal_metadata" WHERE "ar_internal_metadata"."key" = $1 LIMIT $2[0m  [["key", "environment"], ["LIMIT", 1]]
  [1m[35m (0.1ms)[0m  [1m[35mBEGIN[0m
  [1m[35mSQL (0.3ms)[0m  [1m[32mINSERT INTO "ar_internal_metadata" ("key", "value", "created_at", "updated_at") VALUES ($1, $2, $3, $4) RETURNING "key"[0m  [["key", "environment"], ["value", "development"], ["created_at", "2017-08-01 08:26:01.067413"], ["updated_at", "2017-08-01 08:26:01.067413"]]
  [1m[35m (4.6ms)[0m  [1m[35mCOMMIT[0m
  [1m[35m (0.7ms)[0m  [1m[34mSELECT pg_advisory_unlock(7054337133915843555)[0m
  [1m[35m (0.2ms)[0m  [1m[34mSELECT "schema_migrations"."version" FROM "schema_migrations" ORDER BY "schema_migrations"."version" ASC[0m
Started GET "/" for 127.0.0.1 at 2017-08-01 15:26:11 +0700
  [1m[35m (0.7ms)[0m  [1m[34mSELECT "schema_migrations"."version" FROM "schema_migrations" ORDER BY "schema_migrations"."version" ASC[0m
Processing by HomeController#index as HTML
  Rendering home/index.html.erb within layouts/application
  Rendered home/index.html.erb within layouts/application (0.3ms)
Completed 200 OK in 199ms (Views: 198.3ms | ActiveRecord: 0.0ms)


Started GET "/" for 127.0.0.1 at 2017-08-01 15:26:14 +0700
Processing by HomeController#index as HTML
  Rendering home/index.html.erb within layouts/application
  Rendered home/index.html.erb within layouts/application (0.4ms)
Completed 200 OK in 14ms (Views: 13.1ms | ActiveRecord: 0.0ms)


Started GET "/" for 127.0.0.1 at 2017-08-01 15:26:15 +0700
Processing by HomeController#index as HTML
  Rendering home/index.html.erb within layouts/application
  Rendered home/index.html.erb within layouts/application (0.4ms)
Completed 200 OK in 11ms (Views: 10.3ms | ActiveRecord: 0.0ms)


  [1m[36mPhoto Load (0.5ms)[0m  [1m[34mSELECT  "photos".* FROM "photos" LIMIT $1[0m  [["LIMIT", 11]]
  [1m[36mPhoto Load (0.3ms)[0m  [1m[34mSELECT  "photos".* FROM "photos" ORDER BY "photos"."id" ASC LIMIT $1[0m  [["LIMIT", 1]]
  [1m[36mPhoto Load (0.6ms)[0m  [1m[34mSELECT  "photos".* FROM "photos" ORDER BY "photos"."id" DESC LIMIT $1[0m  [["LIMIT", 1]]
  [1m[35m (0.4ms)[0m  [1m[35mBEGIN[0m
  [1m[35mSQL (1.2ms)[0m  [1m[32mINSERT INTO "photos" ("username", "created_at", "updated_at") VALUES ($1, $2, $3) RETURNING "id"[0m  [["username", "tan"], ["created_at", "2017-08-01 08:32:31.833943"], ["updated_at", "2017-08-01 08:32:31.833943"]]
  [1m[35m (14.7ms)[0m  [1m[35mCOMMIT[0m
  [1m[36mPhoto Load (0.6ms)[0m  [1m[34mSELECT  "photos".* FROM "photos" LIMIT $1[0m  [["LIMIT", 11]]
  [1m[35m (0.4ms)[0m  [1m[35mBEGIN[0m
  [1m[35mSQL (0.8ms)[0m  [1m[32mINSERT INTO "photos" ("username", "created_at", "updated_at") VALUES ($1, $2, $3) RETURNING "id"[0m  [["username", "ian"], ["created_at", "2017-08-01 08:34:44.081743"], ["updated_at", "2017-08-01 08:34:44.081743"]]
  [1m[35m (13.8ms)[0m  [1m[35mCOMMIT[0m
  [1m[36mPhoto Load (0.7ms)[0m  [1m[34mSELECT  "photos".* FROM "photos" LIMIT $1[0m  [["LIMIT", 11]]
  [1m[36mPhoto Load (0.3ms)[0m  [1m[34mSELECT  "photos".* FROM "photos" ORDER BY "photos"."id" ASC LIMIT $1[0m  [["LIMIT", 1]]
  [1m[36mPhoto Load (0.7ms)[0m  [1m[34mSELECT  "photos".* FROM "photos" ORDER BY "photos"."id" DESC LIMIT $1[0m  [["LIMIT", 1]]
  [1m[35m (0.4ms)[0m  [1m[35mBEGIN[0m
  [1m[35mSQL (0.8ms)[0m  [1m[32mINSERT INTO "photos" ("created_at", "updated_at") VALUES ($1, $2) RETURNING "id"[0m  [["created_at", "2017-08-01 08:35:34.848917"], ["updated_at", "2017-08-01 08:35:34.848917"]]
  [1m[35m (14.4ms)[0m  [1m[35mCOMMIT[0m
  [1m[36mPhoto Load (0.7ms)[0m  [1m[34mSELECT  "photos".* FROM "photos" ORDER BY "photos"."id" DESC LIMIT $1[0m  [["LIMIT", 1]]
  [1m[35m (0.4ms)[0m  [1m[35mBEGIN[0m
  [1m[35mSQL (0.9ms)[0m  [1m[33mUPDATE "photos" SET "username" = $1, "updated_at" = $2 WHERE "photos"."id" = $3[0m  [["username", "new tan"], ["updated_at", "2017-08-01 08:36:20.456977"], ["id", 3]]
  [1m[35m (14.7ms)[0m  [1m[35mCOMMIT[0m
  [1m[35m (0.4ms)[0m  [1m[35mBEGIN[0m
  [1m[35mSQL (0.8ms)[0m  [1m[33mUPDATE "photos" SET "id" = $1, "updated_at" = $2 WHERE "photos"."id" = $3[0m  [["id", 4], ["updated_at", "2017-08-01 08:39:54.663451"], ["id", 3]]
  [1m[35m (16.2ms)[0m  [1m[35mCOMMIT[0m
  [1m[36mPhoto Load (0.6ms)[0m  [1m[34mSELECT  "photos".* FROM "photos" LIMIT $1[0m  [["LIMIT", 11]]
  [1m[35m (0.4ms)[0m  [1m[35mBEGIN[0m
  [1m[35mSQL (1.8ms)[0m  [1m[32mINSERT INTO "photos" ("created_at", "updated_at") VALUES ($1, $2) RETURNING "id"[0m  [["created_at", "2017-08-01 08:40:55.631365"], ["updated_at", "2017-08-01 08:40:55.631365"]]
  [1m[35m (0.3ms)[0m  [1m[31mROLLBACK[0m
  [1m[36mPhoto Load (0.8ms)[0m  [1m[34mSELECT  "photos".* FROM "photos" ORDER BY "photos"."id" DESC LIMIT $1[0m  [["LIMIT", 1]]
  [1m[35m (0.4ms)[0m  [1m[35mBEGIN[0m
  [1m[35mSQL (0.7ms)[0m  [1m[33mUPDATE "photos" SET "id" = $1, "updated_at" = $2 WHERE "photos"."id" = $3[0m  [["id", 3], ["updated_at", "2017-08-01 08:42:09.098510"], ["id", 4]]
  [1m[35m (11.7ms)[0m  [1m[35mCOMMIT[0m
  [1m[35m (0.9ms)[0m  [1m[34mSELECT COUNT(*) FROM "photos"[0m
  [1m[35m (0.7ms)[0m  [1m[34mSELECT COUNT(*) FROM "photos"[0m
  [1m[36mPhoto Load (0.7ms)[0m  [1m[34mSELECT  "photos".* FROM "photos" ORDER BY "photos"."id" DESC LIMIT $1[0m  [["LIMIT", 1]]
  [1m[35m (0.2ms)[0m  [1m[35mBEGIN[0m
  [1m[35m (0.3ms)[0m  [1m[31mROLLBACK[0m
  [1m[35m (0.3ms)[0m  [1m[35mBEGIN[0m
  [1m[35mSQL (0.7ms)[0m  [1m[32mINSERT INTO "photos" ("username", "url", "created_at", "updated_at") VALUES ($1, $2, $3, $4) RETURNING "id"[0m  [["username", "Sunny"], ["url", "/hello/world"], ["created_at", "2017-08-01 08:47:23.742627"], ["updated_at", "2017-08-01 08:47:23.742627"]]
  [1m[35m (9.9ms)[0m  [1m[35mCOMMIT[0m
  [1m[35m (0.3ms)[0m  [1m[35mBEGIN[0m
  [1m[35m (0.4ms)[0m  [1m[31mROLLBACK[0m
Started GET "/" for 127.0.0.1 at 2017-08-01 15:52:57 +0700
Processing by HomeController#index as HTML
  Rendering home/index.html.erb within layouts/application
  Rendered home/index.html.erb within layouts/application (0.4ms)
Completed 200 OK in 15ms (Views: 14.5ms | ActiveRecord: 0.0ms)


  [1m[36mPhoto Load (0.2ms)[0m  [1m[34mSELECT  "photos".* FROM "photos" ORDER BY "photos"."id" ASC LIMIT $1[0m  [["LIMIT", 1]]
  [1m[36mPhoto Load (0.8ms)[0m  [1m[34mSELECT  "photos".* FROM "photos" ORDER BY "photos"."id" DESC LIMIT $1[0m  [["LIMIT", 1]]
  [1m[36mPhoto Load (0.2ms)[0m  [1m[34mSELECT  "photos".* FROM "photos" LIMIT $1[0m  [["LIMIT", 11]]
  [1m[36mPhoto Load (0.6ms)[0m  [1m[34mSELECT "photos".* FROM "photos"[0m
Started GET "/" for 127.0.0.1 at 2017-08-01 16:01:11 +0700
Processing by HomeController#index as HTML
  Rendering home/index.html.erb within layouts/application
  [1m[36mPhoto Load (0.4ms)[0m  [1m[34mSELECT "photos".* FROM "photos"[0m
  Rendered home/index.html.erb within layouts/application (17.9ms)
Completed 500 Internal Server Error in 22ms (ActiveRecord: 5.2ms)


  
ActionView::Template::Error (nil is not a valid asset source):
     6:   <% @photos.each do |photo| %>
     7:     <div class="card">
     8:       <div class="card-header"><%= photo.username %></div>
     9:       <%= image_tag photo.url, class: "card-img-top", alt: "photo" %>
    10:       <div class="card-block">
    11:         <p class="card-text"><%= photo.caption %></p>
    12:       </div>
  
app/views/home/index.html.erb:9:in `block in _app_views_home_index_html_erb__2058932757699357546_70081820566660'
app/views/home/index.html.erb:6:in `_app_views_home_index_html_erb__2058932757699357546_70081820566660'
Started GET "/" for 127.0.0.1 at 2017-08-01 16:03:10 +0700
Processing by HomeController#index as HTML
  Rendering home/index.html.erb within layouts/application
  [1m[36mPhoto Load (0.2ms)[0m  [1m[34mSELECT "photos".* FROM "photos"[0m
  Rendered home/index.html.erb within layouts/application (2.3ms)
Completed 500 Internal Server Error in 4ms (ActiveRecord: 0.2ms)


  
ActionView::Template::Error (nil is not a valid asset source):
     6:   <% @photos.each do |photo| %>
     7:     <div class="card">
     8:       <div class="card-header"><%= photo.username %></div>
     9:       <%= image_tag photo.url, class: "card-img-top", alt: "photo" %>
    10:       <div class="card-block">
    11:         <p class="card-text"><%= photo.caption %></p>
    12:       </div>
  
app/views/home/index.html.erb:9:in `block in _app_views_home_index_html_erb__2058932757699357546_70081820335800'
app/views/home/index.html.erb:6:in `_app_views_home_index_html_erb__2058932757699357546_70081820335800'
  [1m[36mPhoto Load (0.7ms)[0m  [1m[34mSELECT  "photos".* FROM "photos" ORDER BY "photos"."id" DESC LIMIT $1[0m  [["LIMIT", 1]]
  [1m[36mPhoto Load (0.2ms)[0m  [1m[34mSELECT  "photos".* FROM "photos" WHERE "photos"."username" = $1 LIMIT $2[0m  [["username", "ian"], ["LIMIT", 1]]
  [1m[35mSQL (15.5ms)[0m  [1m[31mDELETE FROM "photos" WHERE "photos"."id" = $1[0m  [["id", 2]]
  [1m[36mPhoto Load (0.7ms)[0m  [1m[34mSELECT  "photos".* FROM "photos" LIMIT $1[0m  [["LIMIT", 11]]
  [1m[36mPhoto Load (0.5ms)[0m  [1m[34mSELECT  "photos".* FROM "photos" WHERE "photos"."username" = $1 LIMIT $2[0m  [["username", "tan"], ["LIMIT", 1]]
  [1m[35mSQL (17.1ms)[0m  [1m[31mDELETE FROM "photos" WHERE "photos"."id" = $1[0m  [["id", 1]]
  [1m[36mPhoto Load (0.7ms)[0m  [1m[34mSELECT  "photos".* FROM "photos" LIMIT $1[0m  [["LIMIT", 11]]
  [1m[36mPhoto Load (0.3ms)[0m  [1m[34mSELECT  "photos".* FROM "photos" LIMIT $1[0m  [["LIMIT", 11]]
  [1m[36mPhoto Load (0.6ms)[0m  [1m[34mSELECT  "photos".* FROM "photos" ORDER BY "photos"."id" ASC LIMIT $1[0m  [["LIMIT", 1]]
  [1m[35m (0.4ms)[0m  [1m[35mBEGIN[0m
  [1m[35mSQL (0.7ms)[0m  [1m[33mUPDATE "photos" SET "url" = $1, "updated_at" = $2 WHERE "photos"."id" = $3[0m  [["url", "app/assets/images/"], ["updated_at", "2017-08-01 09:13:15.258227"], ["id", 3]]
  [1m[35m (13.8ms)[0m  [1m[35mCOMMIT[0m
  [1m[36mPhoto Load (0.7ms)[0m  [1m[34mSELECT  "photos".* FROM "photos" LIMIT $1[0m  [["LIMIT", 11]]
  [1m[36mPhoto Load (0.7ms)[0m  [1m[34mSELECT  "photos".* FROM "photos" ORDER BY "photos"."id" ASC LIMIT $1[0m  [["LIMIT", 1]]
Started GET "/" for 127.0.0.1 at 2017-08-01 16:13:46 +0700
Processing by HomeController#index as HTML
  Rendering home/index.html.erb within layouts/application
  [1m[36mPhoto Load (0.2ms)[0m  [1m[34mSELECT "photos".* FROM "photos"[0m
  Rendered home/index.html.erb within layouts/application (3.5ms)
Completed 500 Internal Server Error in 6ms (ActiveRecord: 0.2ms)


  
ActionView::Template::Error (The asset "app/assets/images/" is not present in the asset pipeline.):
     6:   <% @photos.each do |photo| %>
     7:     <div class="card">
     8:       <div class="card-header"><%= photo.username %></div>
     9:       <%= image_tag photo.url, class: "card-img-top", alt: "photo" %>
    10:       <div class="card-block">
    11:         <p class="card-text"><%= photo.caption %></p>
    12:       </div>
  
app/views/home/index.html.erb:9:in `block in _app_views_home_index_html_erb__2058932757699357546_70081820277360'
app/views/home/index.html.erb:6:in `_app_views_home_index_html_erb__2058932757699357546_70081820277360'
  [1m[36mPhoto Load (0.6ms)[0m  [1m[34mSELECT  "photos".* FROM "photos" ORDER BY "photos"."id" ASC LIMIT $1[0m  [["LIMIT", 1]]
  [1m[36mPhoto Load (0.7ms)[0m  [1m[34mSELECT  "photos".* FROM "photos" ORDER BY "photos"."id" DESC LIMIT $1[0m  [["LIMIT", 1]]
  [1m[35m (0.4ms)[0m  [1m[35mBEGIN[0m
  [1m[35mSQL (0.7ms)[0m  [1m[33mUPDATE "photos" SET "url" = $1, "updated_at" = $2 WHERE "photos"."id" = $3[0m  [["url", "https://pbs.twimg.com/media/Clusm_JWYAEj2H-.jpg"], ["updated_at", "2017-08-01 09:15:34.888042"], ["id", 5]]
  [1m[35m (12.6ms)[0m  [1m[35mCOMMIT[0m
  [1m[36mPhoto Load (0.7ms)[0m  [1m[34mSELECT  "photos".* FROM "photos" ORDER BY "photos"."id" ASC LIMIT $1[0m  [["LIMIT", 1]]
  [1m[36mPhoto Load (0.6ms)[0m  [1m[34mSELECT  "photos".* FROM "photos" ORDER BY "photos"."id" ASC LIMIT $1[0m  [["LIMIT", 1]]
  [1m[35m (0.3ms)[0m  [1m[35mBEGIN[0m
  [1m[35mSQL (0.7ms)[0m  [1m[33mUPDATE "photos" SET "url" = $1, "updated_at" = $2 WHERE "photos"."id" = $3[0m  [["url", "https://pbs.twimg.com/media/Clusm_JWYAEj2H-.jpg"], ["updated_at", "2017-08-01 09:16:21.471559"], ["id", 3]]
  [1m[35m (14.5ms)[0m  [1m[35mCOMMIT[0m
Started GET "/" for 127.0.0.1 at 2017-08-01 16:16:24 +0700
Processing by HomeController#index as HTML
  Rendering home/index.html.erb within layouts/application
  [1m[36mPhoto Load (0.3ms)[0m  [1m[34mSELECT "photos".* FROM "photos"[0m
  Rendered home/index.html.erb within layouts/application (2.2ms)
Completed 200 OK in 12ms (Views: 11.3ms | ActiveRecord: 0.3ms)


Started GET "/" for 127.0.0.1 at 2017-08-01 16:18:09 +0700
Processing by HomeController#index as HTML
  Rendering home/index.html.erb within layouts/application
  [1m[36mPhoto Load (0.2ms)[0m  [1m[34mSELECT "photos".* FROM "photos"[0m
  Rendered home/index.html.erb within layouts/application (1.9ms)
Completed 200 OK in 2734ms (Views: 2732.9ms | ActiveRecord: 0.2ms)


Started GET "/" for 127.0.0.1 at 2017-08-01 16:19:51 +0700
Processing by HomeController#index as HTML
  Rendering home/index.html.erb within layouts/application
  [1m[36mPhoto Load (0.3ms)[0m  [1m[34mSELECT "photos".* FROM "photos"[0m
  Rendered home/index.html.erb within layouts/application (2.2ms)
Completed 200 OK in 13ms (Views: 11.9ms | ActiveRecord: 0.3ms)


  [1m[36mPhoto Load (0.2ms)[0m  [1m[34mSELECT  "photos".* FROM "photos" ORDER BY "photos"."id" ASC LIMIT $1[0m  [["LIMIT", 1]]
  [1m[35m (0.5ms)[0m  [1m[35mBEGIN[0m
  [1m[35mSQL (0.4ms)[0m  [1m[33mUPDATE "photos" SET "url" = $1, "updated_at" = $2 WHERE "photos"."id" = $3[0m  [["url", "https://www.google.com/url?sa=i&rct=j&q=&esrc=s&source=images&cd=&cad=rja&uact=8&ved=0ahUKEwjIjKzJ2rXVAhUFTrwKHaRMCOoQjRwIBw&url=http%3A%2F%2Fbsnscb.com%2Fsunny-day.html&psig=AFQjCNGFIQmWVPFG1sbJd_Nv1iynzPq_Ag&ust=1501665635176658"], ["updated_at", "2017-08-01 09:21:27.158164"], ["id", 3]]
  [1m[35m (11.7ms)[0m  [1m[35mCOMMIT[0m
Started GET "/" for 127.0.0.1 at 2017-08-01 16:21:31 +0700
Processing by HomeController#index as HTML
  Rendering home/index.html.erb within layouts/application
  [1m[36mPhoto Load (0.3ms)[0m  [1m[34mSELECT "photos".* FROM "photos"[0m
  Rendered home/index.html.erb within layouts/application (2.1ms)
Completed 200 OK in 14ms (Views: 13.2ms | ActiveRecord: 0.3ms)


  [1m[35m (0.4ms)[0m  [1m[35mBEGIN[0m
  [1m[35mSQL (0.7ms)[0m  [1m[33mUPDATE "photos" SET "url" = $1, "updated_at" = $2 WHERE "photos"."id" = $3[0m  [["url", "http://bsnscb.com/data/out/189/39186880-sunny-day.jpg"], ["updated_at", "2017-08-01 09:22:53.988965"], ["id", 3]]
  [1m[35m (9.1ms)[0m  [1m[35mCOMMIT[0m
Started GET "/" for 127.0.0.1 at 2017-08-01 16:22:58 +0700
Processing by HomeController#index as HTML
  Rendering home/index.html.erb within layouts/application
  [1m[36mPhoto Load (0.3ms)[0m  [1m[34mSELECT "photos".* FROM "photos"[0m
  Rendered home/index.html.erb within layouts/application (1.8ms)
Completed 200 OK in 15ms (Views: 13.8ms | ActiveRecord: 0.3ms)


Started GET "/" for 127.0.0.1 at 2017-08-01 16:23:11 +0700
Processing by HomeController#index as HTML
  Rendering home/index.html.erb within layouts/application
  [1m[36mPhoto Load (0.3ms)[0m  [1m[34mSELECT "photos".* FROM "photos"[0m
  Rendered home/index.html.erb within layouts/application (2.1ms)
Completed 200 OK in 15ms (Views: 13.8ms | ActiveRecord: 0.3ms)


  [1m[36mPhoto Load (0.3ms)[0m  [1m[34mSELECT  "photos".* FROM "photos" ORDER BY "photos"."id" ASC LIMIT $1[0m  [["LIMIT", 1]]
  [1m[36mPhoto Load (0.7ms)[0m  [1m[34mSELECT  "photos".* FROM "photos" ORDER BY "photos"."id" DESC LIMIT $1[0m  [["LIMIT", 1]]
  [1m[36mPhoto Load (0.5ms)[0m  [1m[34mSELECT  "photos".* FROM "photos" ORDER BY "photos"."id" ASC LIMIT $1[0m  [["LIMIT", 1]]
  [1m[35m (0.3ms)[0m  [1m[35mBEGIN[0m
  [1m[35mSQL (0.5ms)[0m  [1m[33mUPDATE "photos" SET "url" = $1, "updated_at" = $2 WHERE "photos"."id" = $3[0m  [["url", "http://www.lovethispic.com/uploaded_images/121991-Golden-Sunny-Day.jpg"], ["updated_at", "2017-08-01 09:27:00.314073"], ["id", 3]]
  [1m[35m (17.0ms)[0m  [1m[35mCOMMIT[0m
Started GET "/" for 127.0.0.1 at 2017-08-01 16:27:07 +0700
Processing by HomeController#index as HTML
  Rendering home/index.html.erb within layouts/application
  [1m[36mPhoto Load (0.2ms)[0m  [1m[34mSELECT "photos".* FROM "photos"[0m
  Rendered home/index.html.erb within layouts/application (1.7ms)
Completed 200 OK in 9ms (Views: 8.4ms | ActiveRecord: 0.2ms)


  [1m[35m (13.3ms)[0m  [1m[34mSELECT "schema_migrations"."version" FROM "schema_migrations" ORDER BY "schema_migrations"."version" ASC[0m
  [1m[36mPhoto Load (12.0ms)[0m  [1m[34mSELECT  "photos".* FROM "photos" LIMIT $1[0m  [["LIMIT", 11]]
Started GET "/" for 127.0.0.1 at 2017-08-02 09:50:15 +0700
  [1m[35m (0.6ms)[0m  [1m[34mSELECT "schema_migrations"."version" FROM "schema_migrations" ORDER BY "schema_migrations"."version" ASC[0m
Processing by HomeController#index as HTML
  Rendering home/index.html.erb within layouts/application
  [1m[36mPhoto Load (0.4ms)[0m  [1m[34mSELECT "photos".* FROM "photos"[0m
  Rendered home/index.html.erb within layouts/application (17.1ms)
Completed 200 OK in 365ms (Views: 354.1ms | ActiveRecord: 7.3ms)


Started GET "/" for 127.0.0.1 at 2017-08-02 10:20:41 +0700
  [1m[35m (0.4ms)[0m  [1m[34mSELECT "schema_migrations"."version" FROM "schema_migrations" ORDER BY "schema_migrations"."version" ASC[0m
Processing by HomeController#index as HTML
  Rendering home/index.html.erb within layouts/application
  [1m[36mPhoto Load (0.9ms)[0m  [1m[34mSELECT "photos".* FROM "photos"[0m
  Rendered home/index.html.erb within layouts/application (18.5ms)
Completed 200 OK in 157ms (Views: 148.6ms | ActiveRecord: 6.4ms)


Started GET "/" for 127.0.0.1 at 2017-08-02 10:21:30 +0700
Processing by HomeController#index as HTML
  Rendering home/index.html.erb within layouts/application
  [1m[36mPhoto Load (0.6ms)[0m  [1m[34mSELECT "photos".* FROM "photos"[0m
  Rendered home/index.html.erb within layouts/application (12.2ms)
Completed 200 OK in 26ms (Views: 19.4ms | ActiveRecord: 5.7ms)


  [1m[35m (0.3ms)[0m  [1m[34mSELECT pg_try_advisory_lock(7054337133915843555);[0m
  [1m[35m (0.5ms)[0m  [1m[34mSELECT "schema_migrations"."version" FROM "schema_migrations" ORDER BY "schema_migrations"."version" ASC[0m
Migrating to AddLikesCountToPhotos (20170802032542)
  [1m[35m (0.2ms)[0m  [1m[35mBEGIN[0m
  [1m[35m (75.9ms)[0m  [1m[35mALTER TABLE "photos" ADD "likes_count" integer[0m
  [1m[35mSQL (0.5ms)[0m  [1m[32mINSERT INTO "schema_migrations" ("version") VALUES ($1) RETURNING "version"[0m  [["version", "20170802032542"]]
  [1m[35m (33.3ms)[0m  [1m[35mCOMMIT[0m
  [1m[36mActiveRecord::InternalMetadata Load (27.5ms)[0m  [1m[34mSELECT  "ar_internal_metadata".* FROM "ar_internal_metadata" WHERE "ar_internal_metadata"."key" = $1 LIMIT $2[0m  [["key", "environment"], ["LIMIT", 1]]
  [1m[35m (0.2ms)[0m  [1m[35mBEGIN[0m
  [1m[35m (0.1ms)[0m  [1m[35mCOMMIT[0m
  [1m[35m (0.2ms)[0m  [1m[34mSELECT pg_advisory_unlock(7054337133915843555)[0m
  [1m[35m (0.2ms)[0m  [1m[34mSELECT "schema_migrations"."version" FROM "schema_migrations" ORDER BY "schema_migrations"."version" ASC[0m
  [1m[35m (0.5ms)[0m  [1m[34mSELECT "schema_migrations"."version" FROM "schema_migrations" ORDER BY "schema_migrations"."version" ASC[0m
  [1m[35m (0.4ms)[0m  [1m[34mSELECT COUNT(*) FROM "photos"[0m
  [1m[35m (0.2ms)[0m  [1m[35mBEGIN[0m
  [1m[35mSQL (10.2ms)[0m  [1m[32mINSERT INTO "photos" ("username", "url", "created_at", "updated_at", "likes_count") VALUES ($1, $2, $3, $4, $5) RETURNING "id"[0m  [["username", "mjackson"], ["url", "https://pbs.twimg.com/media/Clusm_JWYAEj2H-.jpg"], ["created_at", "2017-08-02 03:26:07.575171"], ["updated_at", "2017-08-02 03:26:07.575171"], ["likes_count", 1234]]
  [1m[35m (38.8ms)[0m  [1m[35mCOMMIT[0m
  [1m[35m (0.2ms)[0m  [1m[35mBEGIN[0m
  [1m[35mSQL (0.3ms)[0m  [1m[32mINSERT INTO "photos" ("username", "url", "created_at", "updated_at", "likes_count") VALUES ($1, $2, $3, $4, $5) RETURNING "id"[0m  [["username", "taylor"], ["url", "https://pbs.twimg.com/profile_images/720767103712645122/6XEBAXLj.jpg"], ["created_at", "2017-08-02 03:26:07.627433"], ["updated_at", "2017-08-02 03:26:07.627433"], ["likes_count", 232]]
  [1m[35m (5.3ms)[0m  [1m[35mCOMMIT[0m
  [1m[35m (0.2ms)[0m  [1m[35mBEGIN[0m
  [1m[35mSQL (0.3ms)[0m  [1m[32mINSERT INTO "photos" ("username", "url", "created_at", "updated_at", "likes_count") VALUES ($1, $2, $3, $4, $5) RETURNING "id"[0m  [["username", "gamer"], ["url", "http://i.imgur.com/vrU6Kmu.jpg"], ["created_at", "2017-08-02 03:26:07.635569"], ["updated_at", "2017-08-02 03:26:07.635569"], ["likes_count", 11]]
  [1m[35m (5.6ms)[0m  [1m[35mCOMMIT[0m
  [1m[35m (0.4ms)[0m  [1m[34mSELECT COUNT(*) FROM "photos"[0m
  [1m[35m (0.6ms)[0m  [1m[34mSELECT "schema_migrations"."version" FROM "schema_migrations" ORDER BY "schema_migrations"."version" ASC[0m
  [1m[35m (0.3ms)[0m  [1m[34mSELECT COUNT(*) FROM "photos"[0m
  [1m[36mPhoto Load (0.4ms)[0m  [1m[34mSELECT "photos".* FROM "photos"[0m
  [1m[35m (0.2ms)[0m  [1m[35mBEGIN[0m
  [1m[35mSQL (0.5ms)[0m  [1m[31mDELETE FROM "photos" WHERE "photos"."id" = $1[0m  [["id", 6]]
  [1m[35m (13.0ms)[0m  [1m[35mCOMMIT[0m
  [1m[35m (0.1ms)[0m  [1m[35mBEGIN[0m
  [1m[35mSQL (0.3ms)[0m  [1m[31mDELETE FROM "photos" WHERE "photos"."id" = $1[0m  [["id", 7]]
  [1m[35m (6.7ms)[0m  [1m[35mCOMMIT[0m
  [1m[35m (0.1ms)[0m  [1m[35mBEGIN[0m
  [1m[35mSQL (0.3ms)[0m  [1m[31mDELETE FROM "photos" WHERE "photos"."id" = $1[0m  [["id", 8]]
  [1m[35m (6.8ms)[0m  [1m[35mCOMMIT[0m
  [1m[35m (0.4ms)[0m  [1m[34mSELECT "schema_migrations"."version" FROM "schema_migrations" ORDER BY "schema_migrations"."version" ASC[0m
  [1m[35m (0.3ms)[0m  [1m[34mSELECT COUNT(*) FROM "photos"[0m
  [1m[35m (0.1ms)[0m  [1m[35mBEGIN[0m
  [1m[35mSQL (0.7ms)[0m  [1m[32mINSERT INTO "photos" ("username", "url", "created_at", "updated_at", "likes_count") VALUES ($1, $2, $3, $4, $5) RETURNING "id"[0m  [["username", "mjackson"], ["url", "https://pbs.twimg.com/media/Clusm_JWYAEj2H-.jpg"], ["created_at", "2017-08-02 03:26:49.764151"], ["updated_at", "2017-08-02 03:26:49.764151"], ["likes_count", 1234]]
  [1m[35m (31.6ms)[0m  [1m[35mCOMMIT[0m
  [1m[35m (0.1ms)[0m  [1m[35mBEGIN[0m
  [1m[35mSQL (0.3ms)[0m  [1m[32mINSERT INTO "photos" ("username", "url", "created_at", "updated_at", "likes_count") VALUES ($1, $2, $3, $4, $5) RETURNING "id"[0m  [["username", "taylor"], ["url", "https://pbs.twimg.com/profile_images/720767103712645122/6XEBAXLj.jpg"], ["created_at", "2017-08-02 03:26:49.798624"], ["updated_at", "2017-08-02 03:26:49.798624"], ["likes_count", 232]]
  [1m[35m (20.5ms)[0m  [1m[35mCOMMIT[0m
  [1m[35m (0.1ms)[0m  [1m[35mBEGIN[0m
  [1m[35mSQL (0.2ms)[0m  [1m[32mINSERT INTO "photos" ("username", "url", "created_at", "updated_at", "likes_count") VALUES ($1, $2, $3, $4, $5) RETURNING "id"[0m  [["username", "gamer"], ["url", "http://i.imgur.com/vrU6Kmu.jpg"], ["created_at", "2017-08-02 03:26:49.820856"], ["updated_at", "2017-08-02 03:26:49.820856"], ["likes_count", 11]]
  [1m[35m (6.4ms)[0m  [1m[35mCOMMIT[0m
  [1m[35m (0.3ms)[0m  [1m[34mSELECT COUNT(*) FROM "photos"[0m
  [1m[35m (0.5ms)[0m  [1m[34mSELECT "schema_migrations"."version" FROM "schema_migrations" ORDER BY "schema_migrations"."version" ASC[0m
  [1m[35m (0.4ms)[0m  [1m[34mSELECT COUNT(*) FROM "photos"[0m
  [1m[36mPhoto Load (0.4ms)[0m  [1m[34mSELECT "photos".* FROM "photos"[0m
  [1m[35m (0.1ms)[0m  [1m[35mBEGIN[0m
  [1m[35mSQL (0.3ms)[0m  [1m[31mDELETE FROM "photos" WHERE "photos"."id" = $1[0m  [["id", 9]]
  [1m[35m (11.5ms)[0m  [1m[35mCOMMIT[0m
  [1m[35m (0.2ms)[0m  [1m[35mBEGIN[0m
  [1m[35mSQL (0.3ms)[0m  [1m[31mDELETE FROM "photos" WHERE "photos"."id" = $1[0m  [["id", 10]]
  [1m[35m (6.2ms)[0m  [1m[35mCOMMIT[0m
  [1m[35m (0.1ms)[0m  [1m[35mBEGIN[0m
  [1m[35mSQL (0.3ms)[0m  [1m[31mDELETE FROM "photos" WHERE "photos"."id" = $1[0m  [["id", 11]]
  [1m[35m (6.7ms)[0m  [1m[35mCOMMIT[0m
  [1m[35m (0.5ms)[0m  [1m[34mSELECT "schema_migrations"."version" FROM "schema_migrations" ORDER BY "schema_migrations"."version" ASC[0m
  [1m[35m (0.4ms)[0m  [1m[34mSELECT COUNT(*) FROM "photos"[0m
  [1m[35m (0.2ms)[0m  [1m[35mBEGIN[0m
  [1m[35mSQL (0.4ms)[0m  [1m[32mINSERT INTO "photos" ("username", "url", "created_at", "updated_at", "likes_count") VALUES ($1, $2, $3, $4, $5) RETURNING "id"[0m  [["username", "mjackson"], ["url", "https://pbs.twimg.com/media/Clusm_JWYAEj2H-.jpg"], ["created_at", "2017-08-02 03:29:56.933790"], ["updated_at", "2017-08-02 03:29:56.933790"], ["likes_count", 1234]]
  [1m[35m (11.6ms)[0m  [1m[35mCOMMIT[0m
  [1m[35m (0.2ms)[0m  [1m[35mBEGIN[0m
  [1m[35mSQL (0.5ms)[0m  [1m[32mINSERT INTO "photos" ("username", "url", "created_at", "updated_at", "likes_count") VALUES ($1, $2, $3, $4, $5) RETURNING "id"[0m  [["username", "taylor"], ["url", "https://pbs.twimg.com/profile_images/720767103712645122/6XEBAXLj.jpg"], ["created_at", "2017-08-02 03:29:56.948130"], ["updated_at", "2017-08-02 03:29:56.948130"], ["likes_count", 232]]
  [1m[35m (4.2ms)[0m  [1m[35mCOMMIT[0m
  [1m[35m (0.1ms)[0m  [1m[35mBEGIN[0m
  [1m[35mSQL (0.4ms)[0m  [1m[32mINSERT INTO "photos" ("username", "url", "created_at", "updated_at", "likes_count") VALUES ($1, $2, $3, $4, $5) RETURNING "id"[0m  [["username", "gamer"], ["url", "http://i.imgur.com/vrU6Kmu.jpg"], ["created_at", "2017-08-02 03:29:56.956024"], ["updated_at", "2017-08-02 03:29:56.956024"], ["likes_count", 11]]
  [1m[35m (5.9ms)[0m  [1m[35mCOMMIT[0m
  [1m[35m (0.3ms)[0m  [1m[34mSELECT COUNT(*) FROM "photos"[0m
  [1m[35m (0.2ms)[0m  [1m[35mBEGIN[0m
  [1m[35mSQL (0.3ms)[0m  [1m[32mINSERT INTO "photos" ("username", "caption", "url", "created_at", "updated_at", "likes_count") VALUES ($1, $2, $3, $4, $5, $6) RETURNING "id"[0m  [["username", "Bilson"], ["caption", "Look, you can’t design your life like a building. It doesn’t work that way. You just have to live it… and it’ll design itself."], ["url", "http://lorempixel.com/500/500/sports/Bilson"], ["created_at", "2017-08-02 03:29:57.335382"], ["updated_at", "2017-08-02 03:29:57.335382"], ["likes_count", 86348]]
  [1m[35m (10.2ms)[0m  [1m[35mCOMMIT[0m
  [1m[35m (0.1ms)[0m  [1m[35mBEGIN[0m
  [1m[35mSQL (0.3ms)[0m  [1m[32mINSERT INTO "photos" ("username", "caption", "url", "created_at", "updated_at", "likes_count") VALUES ($1, $2, $3, $4, $5, $6) RETURNING "id"[0m  [["username", "George Van Smoot"], ["caption", "Revenge fantasies never work out the way you want."], ["url", "http://lorempixel.com/500/500/sports/George Van Smoot"], ["created_at", "2017-08-02 03:29:57.347647"], ["updated_at", "2017-08-02 03:29:57.347647"], ["likes_count", 45741]]
  [1m[35m (6.2ms)[0m  [1m[35mCOMMIT[0m
  [1m[35m (0.1ms)[0m  [1m[35mBEGIN[0m
  [1m[35mSQL (0.3ms)[0m  [1m[32mINSERT INTO "photos" ("username", "caption", "url", "created_at", "updated_at", "likes_count") VALUES ($1, $2, $3, $4, $5, $6) RETURNING "id"[0m  [["username", "Marcus Eriksen"], ["caption", "Whenever I’m sad, I stop being sad and be awesome instead."], ["url", "http://lorempixel.com/500/500/sports/Marcus Eriksen"], ["created_at", "2017-08-02 03:29:57.356080"], ["updated_at", "2017-08-02 03:29:57.356080"], ["likes_count", 96983]]
  [1m[35m (6.0ms)[0m  [1m[35mCOMMIT[0m
  [1m[35m (0.2ms)[0m  [1m[35mBEGIN[0m
  [1m[35mSQL (0.4ms)[0m  [1m[32mINSERT INTO "photos" ("username", "caption", "url", "created_at", "updated_at", "likes_count") VALUES ($1, $2, $3, $4, $5, $6) RETURNING "id"[0m  [["username", "Virginia Mosby"], ["caption", "Definitions are important."], ["url", "http://lorempixel.com/500/500/sports/Virginia Mosby"], ["created_at", "2017-08-02 03:29:57.364706"], ["updated_at", "2017-08-02 03:29:57.364706"], ["likes_count", 88631]]
  [1m[35m (5.5ms)[0m  [1m[35mCOMMIT[0m
  [1m[35m (0.1ms)[0m  [1m[35mBEGIN[0m
  [1m[35mSQL (0.3ms)[0m  [1m[32mINSERT INTO "photos" ("username", "caption", "url", "created_at", "updated_at", "likes_count") VALUES ($1, $2, $3, $4, $5, $6) RETURNING "id"[0m  [["username", "Nick Podarutti"], ["caption", "That’s life, you know, we never end up where you thought you wanted to be."], ["url", "http://lorempixel.com/500/500/sports/Nick Podarutti"], ["created_at", "2017-08-02 03:29:57.372762"], ["updated_at", "2017-08-02 03:29:57.372762"], ["likes_count", 88690]]
  [1m[35m (6.0ms)[0m  [1m[35mCOMMIT[0m
  [1m[35m (0.2ms)[0m  [1m[35mBEGIN[0m
  [1m[35mSQL (0.4ms)[0m  [1m[32mINSERT INTO "photos" ("username", "caption", "url", "created_at", "updated_at", "likes_count") VALUES ($1, $2, $3, $4, $5, $6) RETURNING "id"[0m  [["username", "Brad Morris"], ["caption", "I keep waiting for it to happen. I’m waiting for it to happen. I guess I’m just tired of waiting. And that is all I’m going to say on that subject."], ["url", "http://lorempixel.com/500/500/sports/Brad Morris"], ["created_at", "2017-08-02 03:29:57.381472"], ["updated_at", "2017-08-02 03:29:57.381472"], ["likes_count", 14132]]
  [1m[35m (5.2ms)[0m  [1m[35mCOMMIT[0m
  [1m[35m (0.2ms)[0m  [1m[35mBEGIN[0m
  [1m[35mSQL (0.4ms)[0m  [1m[32mINSERT INTO "photos" ("username", "caption", "url", "created_at", "updated_at", "likes_count") VALUES ($1, $2, $3, $4, $5, $6) RETURNING "id"[0m  [["username", "Jerome Whittaker"], ["caption", "There are a lot of little reasons why the big things in our lives happen."], ["url", "http://lorempixel.com/500/500/sports/Jerome Whittaker"], ["created_at", "2017-08-02 03:29:57.390194"], ["updated_at", "2017-08-02 03:29:57.390194"], ["likes_count", 88046]]
  [1m[35m (4.9ms)[0m  [1m[35mCOMMIT[0m
  [1m[35m (0.1ms)[0m  [1m[35mBEGIN[0m
  [1m[35mSQL (0.3ms)[0m  [1m[32mINSERT INTO "photos" ("username", "caption", "url", "created_at", "updated_at", "likes_count") VALUES ($1, $2, $3, $4, $5, $6) RETURNING "id"[0m  [["username", "Sandy Rivers"], ["caption", "Whenever I’m sad, I stop being sad and be awesome instead."], ["url", "http://lorempixel.com/500/500/sports/Sandy Rivers"], ["created_at", "2017-08-02 03:29:57.397516"], ["updated_at", "2017-08-02 03:29:57.397516"], ["likes_count", 37323]]
  [1m[35m (6.4ms)[0m  [1m[35mCOMMIT[0m
  [1m[35m (0.1ms)[0m  [1m[35mBEGIN[0m
  [1m[35mSQL (0.4ms)[0m  [1m[32mINSERT INTO "photos" ("username", "caption", "url", "created_at", "updated_at", "likes_count") VALUES ($1, $2, $3, $4, $5, $6) RETURNING "id"[0m  [["username", "Marvin Eriksen Jr."], ["caption", "Whether a gesture’s charming or alarming, depends on how it’s received."], ["url", "http://lorempixel.com/500/500/sports/Marvin Eriksen Jr."], ["created_at", "2017-08-02 03:29:57.406194"], ["updated_at", "2017-08-02 03:29:57.406194"], ["likes_count", 48768]]
  [1m[35m (5.7ms)[0m  [1m[35mCOMMIT[0m
  [1m[35m (0.2ms)[0m  [1m[35mBEGIN[0m
  [1m[35mSQL (0.4ms)[0m  [1m[32mINSERT INTO "photos" ("username", "caption", "url", "created_at", "updated_at", "likes_count") VALUES ($1, $2, $3, $4, $5, $6) RETURNING "id"[0m  [["username", "Marvin Eriksen Sr."], ["caption", "Revenge fantasies never work out the way you want."], ["url", "http://lorempixel.com/500/500/sports/Marvin Eriksen Sr."], ["created_at", "2017-08-02 03:29:57.414626"], ["updated_at", "2017-08-02 03:29:57.414626"], ["likes_count", 47433]]
  [1m[35m (5.6ms)[0m  [1m[35mCOMMIT[0m
  [1m[35m (0.4ms)[0m  [1m[34mSELECT COUNT(*) FROM "photos"[0m
Started GET "/" for 127.0.0.1 at 2017-08-02 10:30:20 +0700
  [1m[35m (0.3ms)[0m  [1m[34mSELECT "schema_migrations"."version" FROM "schema_migrations" ORDER BY "schema_migrations"."version" ASC[0m
Processing by HomeController#index as HTML
  Rendering home/index.html.erb within layouts/application
  [1m[36mPhoto Load (0.4ms)[0m  [1m[34mSELECT "photos".* FROM "photos"[0m
  Rendered home/index.html.erb within layouts/application (9.7ms)
Completed 200 OK in 22ms (Views: 19.6ms | ActiveRecord: 0.4ms)


